no change     /cluster/apps/eb/software/Anaconda3/2020.07/condabin/conda
no change     /cluster/apps/eb/software/Anaconda3/2020.07/bin/conda
no change     /cluster/apps/eb/software/Anaconda3/2020.07/bin/conda-env
no change     /cluster/apps/eb/software/Anaconda3/2020.07/bin/activate
no change     /cluster/apps/eb/software/Anaconda3/2020.07/bin/deactivate
no change     /cluster/apps/eb/software/Anaconda3/2020.07/etc/profile.d/conda.sh
no change     /cluster/apps/eb/software/Anaconda3/2020.07/etc/fish/conf.d/conda.fish
no change     /cluster/apps/eb/software/Anaconda3/2020.07/shell/condabin/Conda.psm1
no change     /cluster/apps/eb/software/Anaconda3/2020.07/shell/condabin/conda-hook.ps1
no change     /cluster/apps/eb/software/Anaconda3/2020.07/lib/python3.8/site-packages/xontrib/conda.xsh
no change     /cluster/apps/eb/software/Anaconda3/2020.07/etc/profile.d/conda.csh
no change     /cluster/home/martimoa/.bashrc
no change     /cluster/home/martimoa/.zshrc
no change     /cluster/home/martimoa/.config/fish/config.fish
no change     /cluster/home/martimoa/.xonshrc
no change     /cluster/home/martimoa/.tcshrc
No action taken.
# conda environments:
#
base                     /cluster/apps/eb/software/Anaconda3/2020.07
jukebox                  /cluster/apps/eb/software/Anaconda3/2020.07/envs/jukebox
picrust2                 /cluster/apps/eb/software/Anaconda3/2020.07/envs/picrust2
TDT4501                  /cluster/home/martimoa/.conda/envs/TDT4501
TDT4900               *  /cluster/home/martimoa/.conda/envs/TDT4900

/cluster/home/martimoa/TDT4900-Noise-in-the-Sea-Source/datasets/glider/GLIDER.py:37: UserWarning: There are local files that do not exist among the described in the csv at /cluster/home/martimoa/TDT4900-Noise-in-the-Sea-Source/datasets/glider/parsed/glider_labels.csv
  warnings.warn(f"There are local files that do not exist among the described in the csv at {config.PARSED_LABELS_PATH}")
Using device: cuda
----------------------------------------
Start fold 0

/cluster/home/martimoa/TDT4900-Noise-in-the-Sea-Source/models/ResNet18/ResNet18.py:73: UserWarning: No output_activation function was provided to the ResNet18 __init__ method. Will use <class 'ResNet18.NoActionLayer'> as the activation function for the output layer.
  warnings.warn(f"No output_activation function was provided to the ResNet18 __init__ method. Will use {NoActionLayer} as the activation function for the output layer.")
                training epoch 0 batch 0 / 3104 loss 0.6277802586555481
                training epoch 0 batch 1 / 3104 loss 0.4532901644706726
                training epoch 0 batch 2 / 3104 loss 0.9491413831710815
                training epoch 0 batch 3 / 3104 loss 0.4044170677661896
                training epoch 0 batch 4 / 3104 loss 0.4361391067504883
                training epoch 0 batch 5 / 3104 loss 0.44987618923187256
                training epoch 0 batch 6 / 3104 loss 0.4149729907512665
                training epoch 0 batch 7 / 3104 loss 0.5226593017578125
                training epoch 0 batch 8 / 3104 loss 0.5101238489151001
                training epoch 0 batch 9 / 3104 loss 0.43211835622787476
                training epoch 0 batch 10 / 3104 loss 0.42097723484039307
                training epoch 0 batch 11 / 3104 loss 0.35301733016967773
                training epoch 0 batch 12 / 3104 loss 0.4198572039604187
                training epoch 0 batch 13 / 3104 loss 0.5146127343177795
                training epoch 0 batch 14 / 3104 loss 0.46687769889831543
                training epoch 0 batch 15 / 3104 loss 0.4075566530227661
                training epoch 0 batch 16 / 3104 loss 0.43778499960899353
                training epoch 0 batch 17 / 3104 loss 0.39405590295791626
                training epoch 0 batch 18 / 3104 loss 0.5356178283691406
                training epoch 0 batch 19 / 3104 loss 0.468261182308197
                training epoch 0 batch 20 / 3104 loss 0.5414072871208191
                training epoch 0 batch 21 / 3104 loss 0.33546459674835205
                training epoch 0 batch 22 / 3104 loss 0.4239674508571625
                training epoch 0 batch 23 / 3104 loss 0.5199709534645081
                training epoch 0 batch 24 / 3104 loss 0.3803471326828003
                training epoch 0 batch 25 / 3104 loss 0.4466437101364136
                training epoch 0 batch 26 / 3104 loss 0.5039392709732056
                training epoch 0 batch 27 / 3104 loss 0.5041821599006653
                training epoch 0 batch 28 / 3104 loss 0.36094099283218384
                training epoch 0 batch 29 / 3104 loss 0.37860986590385437
                training epoch 0 batch 30 / 3104 loss 0.4183448553085327
                training epoch 0 batch 31 / 3104 loss 0.42730098962783813
                training epoch 0 batch 32 / 3104 loss 0.3926822543144226
                training epoch 0 batch 33 / 3104 loss 0.6380293965339661
                training epoch 0 batch 34 / 3104 loss 0.3229426443576813
                training epoch 0 batch 35 / 3104 loss 0.5091102123260498
                training epoch 0 batch 36 / 3104 loss 0.5654714107513428
                training epoch 0 batch 37 / 3104 loss 0.34328681230545044
                training epoch 0 batch 38 / 3104 loss 0.28392910957336426
                training epoch 0 batch 39 / 3104 loss 0.4625760614871979
                training epoch 0 batch 40 / 3104 loss 0.36101067066192627
                training epoch 0 batch 41 / 3104 loss 0.44708073139190674
                training epoch 0 batch 42 / 3104 loss 0.3287546634674072
                training epoch 0 batch 43 / 3104 loss 0.3596819341182709
                training epoch 0 batch 44 / 3104 loss 0.4185170531272888
                training epoch 0 batch 45 / 3104 loss 0.41677024960517883
                training epoch 0 batch 46 / 3104 loss 0.32775840163230896
                training epoch 0 batch 47 / 3104 loss 0.47137773036956787
                training epoch 0 batch 48 / 3104 loss 0.4611799716949463
                training epoch 0 batch 49 / 3104 loss 0.4246755540370941
                training epoch 0 batch 50 / 3104 loss 0.48049142956733704
                training epoch 0 batch 51 / 3104 loss 0.32124292850494385
                training epoch 0 batch 52 / 3104 loss 0.46596795320510864
                training epoch 0 batch 53 / 3104 loss 0.4926792085170746
                training epoch 0 batch 54 / 3104 loss 0.5416451692581177
                training epoch 0 batch 55 / 3104 loss 0.392795205116272
                training epoch 0 batch 56 / 3104 loss 0.41456300020217896
                training epoch 0 batch 57 / 3104 loss 0.31710708141326904
                training epoch 0 batch 58 / 3104 loss 0.41807782649993896
                training epoch 0 batch 59 / 3104 loss 0.46883687376976013
                training epoch 0 batch 60 / 3104 loss 0.36194610595703125
                training epoch 0 batch 61 / 3104 loss 0.40596330165863037
                training epoch 0 batch 62 / 3104 loss 0.4051099717617035
                training epoch 0 batch 63 / 3104 loss 0.3952655494213104
                training epoch 0 batch 64 / 3104 loss 0.37678301334381104
                training epoch 0 batch 65 / 3104 loss 0.37652114033699036
                training epoch 0 batch 66 / 3104 loss 0.32561132311820984
                training epoch 0 batch 67 / 3104 loss 0.4711320698261261
                training epoch 0 batch 68 / 3104 loss 0.4963008463382721
                training epoch 0 batch 69 / 3104 loss 0.600581169128418
                training epoch 0 batch 70 / 3104 loss 0.4062490463256836
                training epoch 0 batch 71 / 3104 loss 0.4330432713031769
                training epoch 0 batch 72 / 3104 loss 0.33924752473831177
                training epoch 0 batch 73 / 3104 loss 0.39683854579925537
                training epoch 0 batch 74 / 3104 loss 0.33116525411605835
                training epoch 0 batch 75 / 3104 loss 0.38871556520462036
                training epoch 0 batch 76 / 3104 loss 0.4784678816795349
                training epoch 0 batch 77 / 3104 loss 0.37171846628189087
                training epoch 0 batch 78 / 3104 loss 0.409862220287323
                training epoch 0 batch 79 / 3104 loss 0.4479774236679077
                training epoch 0 batch 80 / 3104 loss 0.416293740272522
                training epoch 0 batch 81 / 3104 loss 0.5306809544563293
                training epoch 0 batch 82 / 3104 loss 0.5643764734268188
                training epoch 0 batch 83 / 3104 loss 0.5380124449729919
                training epoch 0 batch 84 / 3104 loss 0.528758704662323
                training epoch 0 batch 85 / 3104 loss 0.3662865161895752
                training epoch 0 batch 86 / 3104 loss 0.43203502893447876
                training epoch 0 batch 87 / 3104 loss 0.4710446298122406
                training epoch 0 batch 88 / 3104 loss 0.5306227207183838
                training epoch 0 batch 89 / 3104 loss 0.48544561862945557
                training epoch 0 batch 90 / 3104 loss 0.4657438397407532
                training epoch 0 batch 91 / 3104 loss 0.43351876735687256
                training epoch 0 batch 92 / 3104 loss 0.3856443762779236
                training epoch 0 batch 93 / 3104 loss 0.4010363221168518
                training epoch 0 batch 94 / 3104 loss 0.48620322346687317
                training epoch 0 batch 95 / 3104 loss 0.358950674533844
                training epoch 0 batch 96 / 3104 loss 0.4352061450481415
/cluster/home/martimoa/TDT4900-Noise-in-the-Sea-Source/datasets/ITensorAudioDataset.py:101: RuntimeWarning: divide by zero encountered in true_divide
  S_db = numerator * (1/denominator)
/cluster/home/martimoa/TDT4900-Noise-in-the-Sea-Source/datasets/ITensorAudioDataset.py:101: RuntimeWarning: invalid value encountered in multiply
  S_db = numerator * (1/denominator)
                training epoch 0 batch 97 / 3104 loss 0.524051308631897
                training epoch 0 batch 98 / 3104 loss 0.4106513261795044
                training epoch 0 batch 99 / 3104 loss 0.41669875383377075
                training epoch 0 batch 100 / 3104 loss 0.2829609513282776
                training epoch 0 batch 101 / 3104 loss 0.4301110506057739
                training epoch 0 batch 102 / 3104 loss 0.36547523736953735
                training epoch 0 batch 103 / 3104 loss 0.5269017219543457
                training epoch 0 batch 104 / 3104 loss 0.6189203262329102
                training epoch 0 batch 105 / 3104 loss 0.4028707444667816
                training epoch 0 batch 106 / 3104 loss 0.4342363178730011
                training epoch 0 batch 107 / 3104 loss 0.44463470578193665
                training epoch 0 batch 108 / 3104 loss 0.30210208892822266
                training epoch 0 batch 109 / 3104 loss 0.2717461585998535
                training epoch 0 batch 110 / 3104 loss 0.5780692100524902
                training epoch 0 batch 111 / 3104 loss 0.30469295382499695
/cluster/home/martimoa/TDT4900-Noise-in-the-Sea-Source/datasets/ITensorAudioDataset.py:101: RuntimeWarning: divide by zero encountered in true_divide
  S_db = numerator * (1/denominator)
/cluster/home/martimoa/TDT4900-Noise-in-the-Sea-Source/datasets/ITensorAudioDataset.py:101: RuntimeWarning: invalid value encountered in multiply
  S_db = numerator * (1/denominator)
/cluster/home/martimoa/TDT4900-Noise-in-the-Sea-Source/datasets/ITensorAudioDataset.py:101: RuntimeWarning: divide by zero encountered in true_divide
  S_db = numerator * (1/denominator)
/cluster/home/martimoa/TDT4900-Noise-in-the-Sea-Source/datasets/ITensorAudioDataset.py:101: RuntimeWarning: invalid value encountered in multiply
  S_db = numerator * (1/denominator)
                training epoch 0 batch 112 / 3104 loss 0.3971813917160034
                training epoch 0 batch 113 / 3104 loss 0.5487611293792725
                training epoch 0 batch 114 / 3104 loss 0.36315810680389404
Loss is nan! Loss: nan Batch: 115 / 3104 Device: cuda Index: tensor([ 18155,  
51379, 198173,  40140,  56613,  27039, 185696, 157442, 185404,
        111776,  20508, 212290, 193429,   9554,    535, 222144, 109756, 161932,
        230716, 233489, 100120, 127491, 177553, 111133, 216162,  19312, 142078,
        174787,  41517, 244137, 151308,  39725, 237214, 173134, 239015, 118698,
         37241, 149466, 163308, 189943, 228585,   8699,  93463, 233148, 204620,
        236289,  78330,  45541, 186793,   2884, 121837, 203220,  49648,  66767,
        199630,  35627,  61026, 213867, 243147, 103982, 246499,  18745, 197742,
         10118])
X: tensor([[[[ 0.5811, -0.3121, -1.2069,  ...,  0.0556, -0.3187, -0.6529],
          [ 1.0239,  0.2085, -0.3503,  ..., -0.4579,  0.1008, -0.8377],
          [ 0.5645,  0.4127,  0.1478,  ..., -1.6783, -0.6987, -0.0601],
          ...,
          [-2.0143, -0.8808, -1.4062,  ...,  0.2416, -0.3696,  1.1349],
          [ 1.4979,  1.3600,  1.1606,  ...,  1.0841,  0.7372,  0.2094],
          [ 1.4979,  1.3600,  1.1606,  ...,  1.0841,  0.7372,  0.2094]]],


        [[[ 0.9118,  0.9060, -0.2664,  ..., -0.1734, -0.7703, -0.6272],
          [-0.0555,  0.6845,  0.4052,  ..., -0.2781,  0.0829,  0.1335],
          [-1.3415, -0.4128, -0.3978,  ...,  0.2333,  0.2793,  1.0653],
          ...,
          [-0.3061,  0.5844, -0.6373,  ..., -0.1415,  0.8730, -3.3669],
          [-2.4950,  0.5850,  1.3718,  ...,  0.7303, -0.0428, -2.4938],
          [-2.4950,  0.5850,  1.3718,  ...,  0.7303, -0.0428, -2.4938]]],


        [[[-0.3316,  0.2916, -0.4248,  ..., -0.8843,  0.8054,  0.9623],
          [ 0.5522,  0.4044,  0.1746,  ..., -0.9759, -0.8004, -1.0185],
          [ 0.5465, -0.3264, -1.6491,  ...,  0.2727, -1.0615, -2.3901],
          ...,
          [-2.0806, -1.5171, -0.5460,  ...,  0.9247,  1.0476, -1.1556],
          [-0.0723, -0.0811,  0.2358,  ...,  1.2515,  0.5048, -0.9516],
          [-0.0723, -0.0811,  0.2358,  ...,  1.2515,  0.5048, -0.9516]]],


        ...,


        [[[-1.2859, -1.2577,  0.1249,  ...,  0.7488, -0.1129, -2.3719],
          [ 0.7327,  0.1787, -0.5076,  ..., -0.0434, -1.6607, -1.6614],
          [ 0.1213, -0.0431, -0.4088,  ..., -1.3386, -1.0422,  0.0783],
          ...,
          [-2.2544, -1.2132,  0.0695,  ...,  1.2949,  1.0590, -0.0210],
          [ 1.0788,  1.1520,  0.4371,  ...,  0.5214, -0.7993,  0.6679],
          [ 1.0788,  1.1520,  0.4371,  ...,  0.5214, -0.7993,  0.6679]]],


        [[[ 0.8396,  0.1191,  0.5596,  ..., -0.5301, -0.2111,  1.3883],
          [ 0.0299,  0.2598,  0.3244,  ..., -0.1573, -0.0815,  0.4383],
          [-0.2446, -1.3197, -0.9481,  ..., -0.1703, -0.2258, -0.8968],
          ...,
          [-0.8638, -1.5200,  0.3205,  ...,  2.1668,  1.4270, -1.2749],
          [ 1.0795,  0.8672,  0.2697,  ...,  1.4039, -0.2174, -2.6491],
          [ 1.0795,  0.8672,  0.2697,  ...,  1.4039, -0.2174, -2.6491]]],


        [[[ 1.3273,  1.4518,  1.1180,  ..., -0.8537, -0.5829, -0.0829],
          [ 0.2069,  0.7368,  1.5823,  ..., -0.0119, -0.6135, -0.0518],
          [ 0.6611,  0.0472, -0.2594,  ...,  0.2159,  0.9611,  1.7554],
          ...,
          [-2.5882, -0.9896,  0.4927,  ...,  0.0162,  0.6401,  0.3966],
          [-0.3369, -0.3776,  0.8294,  ..., -0.0474,  0.8358, -0.6697],
          [-0.3369, -0.3776,  0.8294,  ..., -0.0474,  0.8358, -0.6697]]]],
       device='cuda:0')
Y: tensor([[0., 0.],
        [0., 0.],
        [1., 1.],
        [0., 0.],
        [0., 0.],
        [0., 0.],
        [0., 0.],
        [0., 1.],
        [0., 0.],
        [1., 1.],
        [0., 0.],
        [1., 1.],
        [0., 1.],
        [0., 0.],
        [0., 0.],
        [1., 1.],
        [0., 0.],
        [0., 1.],
        [0., 0.],
        [0., 0.],
        [0., 0.],
        [0., 0.],
        [0., 0.],
        [0., 0.],
        [1., 0.],
        [0., 0.],
        [1., 1.],
        [0., 0.],
        [0., 0.],
        [0., 0.],
        [0., 0.],
        [0., 0.],
        [0., 0.],
        [1., 1.],
        [0., 0.],
        [0., 0.],
        [0., 0.],
        [0., 0.],
        [0., 0.],
        [1., 1.],
        [1., 0.],
        [0., 0.],
        [0., 0.],
        [0., 0.],
        [0., 0.],
        [0., 0.],
        [0., 0.],
        [0., 0.],
        [0., 0.],
        [0., 0.],
        [0., 0.],
        [0., 0.],
        [0., 0.],
        [0., 0.],
        [0., 0.],
        [0., 0.],
        [0., 0.],
        [0., 0.],
        [0., 0.],
        [0., 0.],
        [0., 0.],
        [0., 0.],
        [0., 1.],
        [0., 0.]], device='cuda:0')
Yhat: tensor([[nan, nan],
        [nan, nan],
        [nan, nan],
        [nan, nan],
        [nan, nan],
        [nan, nan],
        [nan, nan],
        [nan, nan],
        [nan, nan],
        [nan, nan],
        [nan, nan],
        [nan, nan],
        [nan, nan],
        [nan, nan],
        [nan, nan],
        [nan, nan],
        [nan, nan],
        [nan, nan],
        [nan, nan],
        [nan, nan],
        [nan, nan],
        [nan, nan],
        [nan, nan],
        [nan, nan],
        [nan, nan],
        [nan, nan],
        [nan, nan],
        [nan, nan],
        [nan, nan],
        [nan, nan],
        [nan, nan],
        [nan, nan],
        [nan, nan],
        [nan, nan],
        [nan, nan],
        [nan, nan],
        [nan, nan],
        [nan, nan],
        [nan, nan],
        [nan, nan],
        [nan, nan],
        [nan, nan],
        [nan, nan],
        [nan, nan],
        [nan, nan],
        [nan, nan],
        [nan, nan],
        [nan, nan],
        [nan, nan],
        [nan, nan],
        [nan, nan],
        [nan, nan],
        [nan, nan],
        [nan, nan],
        [nan, nan],
        [nan, nan],
        [nan, nan],
        [nan, nan],
        [nan, nan],
        [nan, nan],
        [nan, nan],
        [nan, nan],
        [nan, nan],
        [nan, nan]], device='cuda:0', grad_fn=<AddmmBackward0>)
18155
LabeledAudioData(
    _index=18155,
    filepath=PosixPath('/cluster/work/martimoa/hdd_copy/GLIDER phase I 
deployment/August/pa0563au_001_180618_145330.wav'),
    num_channels=1,
    sampling_rate=128000,
    start_time=Timestamp('2018-06-18 14:59:20'),
    end_time=Timestamp('2018-06-18 14:59:30'),
    samples=array([-0.00849915, -0.00845337, -0.00871277, ..., -0.00582123,
       -0.00592041, -0.00591278], dtype=float32),
    labels=Empty DataFrame
Columns: [start_time, end_time, source_class, metadata, source_class_specific]
Index: [],
    labels_dict={'Biophonic': 0, 'Anthropogenic': 1}
)
[-0.01357269 -0.01350403 -0.01344299 ...  0.0004425   0.00856018
  0.02086639]
There are 1735 unique sample values in clip with index 18155

51379
LabeledAudioData(
    _index=51379,
    filepath=PosixPath('/cluster/work/martimoa/hdd_copy/GLIDER phase I 
deployment/July/pa0067bu_001_180710_102031.wav'),
    num_channels=1,
    sampling_rate=128000,
    start_time=Timestamp('2018-07-10 10:23:41'),
    end_time=Timestamp('2018-07-10 10:23:51'),
    samples=array([-0.00466919, -0.00460815, -0.00434875, ..., -0.00423431,
       -0.00424957, -0.00458527], dtype=float32),
    labels=Empty DataFrame
Columns: [start_time, end_time, source_class, metadata, source_class_specific]
Index: [],
    labels_dict={'Biophonic': 0, 'Anthropogenic': 1}
)
[-0.01786041 -0.01785278 -0.01781464 ...  0.00537109  0.00549316
  0.00965881]
There are 2820 unique sample values in clip with index 51379

198173
LabeledAudioData(
    _index=198173,
    filepath=PosixPath('/cluster/work/martimoa/hdd_copy/GLIDER phase I 
deployment/August/pa0434au_001_180816_213703.wav'),
    num_channels=1,
    sampling_rate=128000,
    start_time=Timestamp('2018-08-16 21:45:53'),
    end_time=Timestamp('2018-08-16 21:46:03'),
    samples=array([-0.00558472, -0.00563812, -0.00575256, ..., -0.00570679,
       -0.0057373 , -0.00556183], dtype=float32),
    labels=             start_time  ... source_class_specific
137 2018-08-16 21:43:00  ...             Fin whale
304 2018-08-16 21:43:00  ...                Airgun

[2 rows x 5 columns],
    labels_dict={'Biophonic': 0, 'Anthropogenic': 1}
)
[-0.01232147 -0.01211548 -0.01203918 ... -0.00115967 -0.00114441
  0.01818848]
There are 1356 unique sample values in clip with index 198173

40140
LabeledAudioData(
    _index=40140,
    filepath=PosixPath('/cluster/work/martimoa/hdd_copy/GLIDER phase I 
deployment/July/pa0041au_003_180707_191433.wav'),
    num_channels=1,
    sampling_rate=128000,
    start_time=Timestamp('2018-07-07 19:14:33'),
    end_time=Timestamp('2018-07-07 19:14:43'),
    samples=array([-0.00097656, -0.00126648, -0.00119019, ...,  0.00361633,
        0.00353241,  0.00354767], dtype=float32),
    labels=Empty DataFrame
Columns: [start_time, end_time, source_class, metadata, source_class_specific]
Index: [],
    labels_dict={'Biophonic': 0, 'Anthropogenic': 1}
)
[-0.02592468 -0.02585602 -0.02584839 ...  0.01395416  0.01407623
  0.01873779]
There are 5142 unique sample values in clip with index 40140

56613
LabeledAudioData(
    _index=56613,
    filepath=PosixPath('/cluster/work/martimoa/hdd_copy/GLIDER phase I 
deployment/July/pa0079bu_004_180711_124358.wav'),
    num_channels=1,
    sampling_rate=128000,
    start_time=Timestamp('2018-07-11 12:49:28'),
    end_time=Timestamp('2018-07-11 12:49:38'),
    samples=array([-0.00870514, -0.00897217, -0.00901794, ..., -0.0059433 ,
       -0.00572205, -0.00534058], dtype=float32),
    labels=Empty DataFrame
Columns: [start_time, end_time, source_class, metadata, source_class_specific]
Index: [],
    labels_dict={'Biophonic': 0, 'Anthropogenic': 1}
)
[-0.01467133 -0.01457977 -0.01456451 ...  0.00300598  0.00468445
  0.02523041]
There are 2111 unique sample values in clip with index 56613

27039
LabeledAudioData(
    _index=27039,
    filepath=PosixPath('/cluster/work/martimoa/hdd_copy/GLIDER phase I 
deployment/August/pa0602au_004_180622_232724.wav'),
    num_channels=1,
    sampling_rate=128000,
    start_time=Timestamp('2018-06-22 23:33:54'),
    end_time=Timestamp('2018-06-22 23:34:04'),
    samples=array([-0.00479889, -0.00453949, -0.00505829, ..., -0.00395966,
       -0.00428009, -0.00414276], dtype=float32),
    labels=Empty DataFrame
Columns: [start_time, end_time, source_class, metadata, source_class_specific]
Index: [],
    labels_dict={'Biophonic': 0, 'Anthropogenic': 1}
)
[-0.01660156 -0.01657867 -0.01657104 ...  0.00431824  0.00437164
  0.01735687]
There are 2548 unique sample values in clip with index 27039

185696
LabeledAudioData(
    _index=185696,
    filepath=PosixPath('/cluster/work/martimoa/hdd_copy/GLIDER phase I 
deployment/August/pa0391au_005_180811_081037.wav'),
    num_channels=1,
    sampling_rate=128000,
    start_time=Timestamp('2018-08-11 08:19:57'),
    end_time=Timestamp('2018-08-11 08:20:07'),
    samples=array([-0.00057983, -0.00013733,  0.00032806, ..., -0.00714874,
       -0.00683594, -0.00666809], dtype=float32),
    labels=Empty DataFrame
Columns: [start_time, end_time, source_class, metadata, source_class_specific]
Index: [],
    labels_dict={'Biophonic': 0, 'Anthropogenic': 1}
)
[-0.01914978 -0.01902771 -0.01901245 ...  0.00753784  0.00771332
  0.00782776]
There are 3027 unique sample values in clip with index 185696

157442
LabeledAudioData(
    _index=157442,
    filepath=PosixPath('/cluster/work/martimoa/hdd_copy/GLIDER phase I 
deployment/August/pa0322au_004_180803_183343.wav'),
    num_channels=1,
    sampling_rate=128000,
    start_time=Timestamp('2018-08-03 18:34:03'),
    end_time=Timestamp('2018-08-03 18:34:13'),
    samples=array([-0.00816345, -0.00800323, -0.00778198, ..., -0.00257111,
       -0.00284576, -0.00299835], dtype=float32),
    labels=             start_time  ... source_class_specific
448 2018-08-03 18:13:00  ...                Aiguns

[1 rows x 5 columns],
    labels_dict={'Biophonic': 0, 'Anthropogenic': 1}
)
[-0.01477814 -0.01461792 -0.0145874  ...  0.00351715  0.00766754
  0.02672577]
There are 1971 unique sample values in clip with index 157442

185404
LabeledAudioData(
    _index=185404,
    filepath=PosixPath('/cluster/work/martimoa/hdd_copy/GLIDER phase I 
deployment/August/pa0391au_001_180811_073036.wav'),
    num_channels=1,
    sampling_rate=128000,
    start_time=Timestamp('2018-08-11 07:31:16'),
    end_time=Timestamp('2018-08-11 07:31:26'),
    samples=array([ 0.0059433 ,  0.0055542 ,  0.00480652, ..., -0.01060486,
       -0.01054382, -0.01060486], dtype=float32),
    labels=Empty DataFrame
Columns: [start_time, end_time, source_class, metadata, source_class_specific]
Index: [],
    labels_dict={'Biophonic': 0, 'Anthropogenic': 1}
)
[-0.44994354 -0.44987488 -0.4495697  ...  0.45920563  0.4593506
  0.45939636]
There are 42730 unique sample values in clip with index 185404

111776
LabeledAudioData(
    _index=111776,
    filepath=PosixPath('/cluster/work/martimoa/hdd_copy/GLIDER phase I 
deployment/July/pa0226au_004_180724_024055.wav'),
    num_channels=1,
    sampling_rate=128000,
    start_time=Timestamp('2018-07-24 02:50:15'),
    end_time=Timestamp('2018-07-24 02:50:25'),
    samples=array([-0.00802612, -0.00814819, -0.00800323, ..., -0.00640869,
       -0.00653076, -0.00668335], dtype=float32),
    labels=             start_time  ...                    source_class_specific
12  2018-07-24 02:25:00  ...     Potential sei whales/distant airguns
234 2018-07-24 02:25:00  ...  Ship noise - potential propeller noise?

[2 rows x 5 columns],
    labels_dict={'Biophonic': 0, 'Anthropogenic': 1}
)
[-0.01266479 -0.01264191 -0.01260376 ...  0.00024414  0.00195312
  0.03053284]
There are 1534 unique sample values in clip with index 111776

20508
LabeledAudioData(
    _index=20508,
    filepath=PosixPath('/cluster/work/martimoa/hdd_copy/GLIDER phase I 
deployment/August/pa0575au_003_180620_010855.wav'),
    num_channels=1,
    sampling_rate=128000,
    start_time=Timestamp('2018-06-20 01:16:55'),
    end_time=Timestamp('2018-06-20 01:17:05'),
    samples=array([-0.00524139, -0.00523376, -0.00540161, ..., -0.00178528,
       -0.00210571, -0.00225067], dtype=float32),
    labels=Empty DataFrame
Columns: [start_time, end_time, source_class, metadata, source_class_specific]
Index: [],
    labels_dict={'Biophonic': 0, 'Anthropogenic': 1}
)
[-0.01979828 -0.01958466 -0.01956177 ...  0.0078125   0.00798035
  0.02236938]
There are 3370 unique sample values in clip with index 20508

212290
LabeledAudioData(
    _index=212290,
    filepath=PosixPath('/cluster/work/martimoa/hdd_copy/GLIDER phase I 
deployment/August/pa0482au_004_180822_165543.wav'),
    num_channels=1,
    sampling_rate=128000,
    start_time=Timestamp('2018-08-22 16:57:23'),
    end_time=Timestamp('2018-08-22 16:57:33'),
    samples=array([-0.00728607, -0.00701904, -0.00724792, ..., -0.00747681,
       -0.00704193, -0.00772095], dtype=float32),
    labels=             start_time  ... source_class_specific
170 2018-08-22 16:31:00  ...             Fin whale
336 2018-08-22 16:31:00  ...            Ship noise

[2 rows x 5 columns],
    labels_dict={'Biophonic': 0, 'Anthropogenic': 1}
)
[-0.01346588 -0.01339722 -0.01322937 ...  0.00065613  0.00187683
  0.02666473]
There are 1654 unique sample values in clip with index 212290

193429
LabeledAudioData(
    _index=193429,
    filepath=PosixPath('/cluster/work/martimoa/hdd_copy/GLIDER phase I 
deployment/August/pa0418au_002_180814_200614.wav'),
    num_channels=1,
    sampling_rate=128000,
    start_time=Timestamp('2018-08-14 20:14:24'),
    end_time=Timestamp('2018-08-14 20:14:34'),
    samples=array([-0.00725555, -0.00724792, -0.00714874, ..., -0.01036835,
       -0.01038361, -0.01007843], dtype=float32),
    labels=             start_time  ... source_class_specific
503 2018-08-14 19:57:00  ...                Aiguns

[1 rows x 5 columns],
    labels_dict={'Biophonic': 0, 'Anthropogenic': 1}
)
[-0.02151489 -0.021492   -0.02141571 ...  0.00954437  0.00957489
  0.01933289]
There are 3797 unique sample values in clip with index 193429

9554
LabeledAudioData(
    _index=9554,
    filepath=PosixPath('/cluster/work/martimoa/hdd_copy/GLIDER phase I 
deployment/August/pa0525au_003_180613_114829.wav'),
    num_channels=1,
    sampling_rate=128000,
    start_time=Timestamp('2018-06-13 11:50:49'),
    end_time=Timestamp('2018-06-13 11:50:59'),
    samples=array([-0.01016998, -0.01025391, -0.01008606, ..., -0.00298309,
       -0.00292969, -0.00321198], dtype=float32),
    labels=Empty DataFrame
Columns: [start_time, end_time, source_class, metadata, source_class_specific]
Index: [],
    labels_dict={'Biophonic': 0, 'Anthropogenic': 1}
)
[-0.01689148 -0.01683807 -0.01678467 ...  0.00247192  0.00251007
  0.0170517 ]
There are 2414 unique sample values in clip with index 9554

535
LabeledAudioData(
    _index=535,
    filepath=PosixPath('/cluster/work/martimoa/hdd_copy/GLIDER phase I 
deployment/August/pa0315au_003_180421_052716.wav'),
    num_channels=1,
    sampling_rate=128000,
    start_time=Timestamp('2018-04-21 05:36:26'),
    end_time=Timestamp('2018-04-21 05:36:36'),
    samples=array([-0.00376129, -0.00427246, -0.0041275 , ..., -0.00370026,
       -0.00339508, -0.00356293], dtype=float32),
    labels=Empty DataFrame
Columns: [start_time, end_time, source_class, metadata, source_class_specific]
Index: [],
    labels_dict={'Biophonic': 0, 'Anthropogenic': 1}
)
[-0.01528168 -0.01526642 -0.01520538 ...  0.0043869   0.00643158
  0.0269928 ]
There are 2297 unique sample values in clip with index 535

222144
LabeledAudioData(
    _index=222144,
    filepath=PosixPath('/cluster/work/martimoa/hdd_copy/GLIDER phase I 
deployment/August/pa0515au_003_180826_200932.wav'),
    num_channels=1,
    sampling_rate=128000,
    start_time=Timestamp('2018-08-26 20:13:32'),
    end_time=Timestamp('2018-08-26 20:13:42'),
    samples=array([-0.00521851, -0.00522614, -0.00488281, ..., -0.00721741,
       -0.00717926, -0.00713348], dtype=float32),
    labels=             start_time  ... source_class_specific
193 2018-08-26 20:09:00  ...             Fin whale
358 2018-08-26 20:09:00  ...            Ship noise

[2 rows x 5 columns],
    labels_dict={'Biophonic': 0, 'Anthropogenic': 1}
)
[-0.01564789 -0.01559448 -0.01555634 ...  0.00178528  0.00183105
  0.01885986]
There are 2144 unique sample values in clip with index 222144

109756
LabeledAudioData(
    _index=109756,
    filepath=PosixPath('/cluster/work/martimoa/hdd_copy/GLIDER phase I 
deployment/July/pa0222au_003_180723_165218.wav'),
    num_channels=1,
    sampling_rate=128000,
    start_time=Timestamp('2018-07-23 16:54:58'),
    end_time=Timestamp('2018-07-23 16:55:08'),
    samples=array([ 0.0039978 ,  0.00377655,  0.00389862, ..., -0.00196075,
       -0.00189972, -0.00167084], dtype=float32),
    labels=Empty DataFrame
Columns: [start_time, end_time, source_class, metadata, source_class_specific]
Index: [],
    labels_dict={'Biophonic': 0, 'Anthropogenic': 1}
)
[-0.02422333 -0.02406311 -0.02401733 ...  0.00965881  0.00978851
  0.03079224]
There are 4154 unique sample values in clip with index 109756

161932
LabeledAudioData(
    _index=161932,
    filepath=PosixPath('/cluster/work/martimoa/hdd_copy/GLIDER phase I 
deployment/August/pa0331bu_003_180804_181230.wav'),
    num_channels=1,
    sampling_rate=128000,
    start_time=Timestamp('2018-08-04 18:21:10'),
    end_time=Timestamp('2018-08-04 18:21:20'),
    samples=array([-0.00571442, -0.00564575, -0.00574493, ..., -0.00617981,
       -0.00609589, -0.00605774], dtype=float32),
    labels=             start_time  ... source_class_specific
456 2018-08-04 17:52:00  ...                Aiguns

[1 rows x 5 columns],
    labels_dict={'Biophonic': 0, 'Anthropogenic': 1}
)
[-0.01049042 -0.01045227 -0.01040649 ... -0.00228119 -0.00226593
  0.01898956]
There are 1057 unique sample values in clip with index 161932

230716
LabeledAudioData(
    _index=230716,
    filepath=PosixPath('/cluster/work/martimoa/hdd_copy/GLIDER phase I 
deployment/August/pa0544au_001_180830_181658.wav'),
    num_channels=1,
    sampling_rate=128000,
    start_time=Timestamp('2018-08-30 18:19:38'),
    end_time=Timestamp('2018-08-30 18:19:48'),
    samples=array([-0.00457001, -0.00460052, -0.00444031, ..., -0.00707245,
       -0.0072937 , -0.00724792], dtype=float32),
    labels=Empty DataFrame
Columns: [start_time, end_time, source_class, metadata, source_class_specific]
Index: [],
    labels_dict={'Biophonic': 0, 'Anthropogenic': 1}
)
[-0.01496124 -0.01486969 -0.01464844 ...  0.00139618  0.00189972
  0.01584625]
There are 1756 unique sample values in clip with index 230716

233489
LabeledAudioData(
    _index=233489,
    filepath=PosixPath('/cluster/work/martimoa/hdd_copy/GLIDER phase I 
deployment/September/pa0554au_001_180901_062912.wav'),
    num_channels=1,
    sampling_rate=128000,
    start_time=Timestamp('2018-09-01 06:34:02'),
    end_time=Timestamp('2018-09-01 06:34:12'),
    samples=array([-0.00402069, -0.00379181, -0.00344849, ..., -0.00773621,
       -0.00772858, -0.00756073], dtype=float32),
    labels=Empty DataFrame
Columns: [start_time, end_time, source_class, metadata, source_class_specific]
Index: [],
    labels_dict={'Biophonic': 0, 'Anthropogenic': 1}
)
[-0.02548981 -0.02542877 -0.02533722 ...  0.00917053  0.00937653
  0.00946045]
There are 3982 unique sample values in clip with index 233489

100120
LabeledAudioData(
    _index=100120,
    filepath=PosixPath('/cluster/work/martimoa/hdd_copy/GLIDER phase I 
deployment/July/pa0199au_002_180721_071835.wav'),
    num_channels=1,
    sampling_rate=128000,
    start_time=Timestamp('2018-07-21 07:25:15'),
    end_time=Timestamp('2018-07-21 07:25:25'),
    samples=array([-0.00440216, -0.00431824, -0.00421906, ..., -0.00695038,
       -0.00669861, -0.00642395], dtype=float32),
    labels=Empty DataFrame
Columns: [start_time, end_time, source_class, metadata, source_class_specific]
Index: [],
    labels_dict={'Biophonic': 0, 'Anthropogenic': 1}
)
[-0.01553345 -0.01540375 -0.01537323 ...  0.00143433  0.016922
  0.01699829]
There are 1959 unique sample values in clip with index 100120

127491
LabeledAudioData(
    _index=127491,
    filepath=PosixPath('/cluster/work/martimoa/hdd_copy/GLIDER phase I 
deployment/July/pa0260au_001_180727_223457.wav'),
    num_channels=1,
    sampling_rate=128000,
    start_time=Timestamp('2018-07-27 22:43:27'),
    end_time=Timestamp('2018-07-27 22:43:37'),
    samples=array([-0.00647736, -0.00691986, -0.00721741, ..., -0.00679016,
       -0.00691986, -0.00687408], dtype=float32),
    labels=Empty DataFrame
Columns: [start_time, end_time, source_class, metadata, source_class_specific]
Index: [],
    labels_dict={'Biophonic': 0, 'Anthropogenic': 1}
)
[-0.04198456 -0.04183197 -0.04159546 ...  0.02584839  0.02590942
  0.02598572]
There are 7531 unique sample values in clip with index 127491

177553
LabeledAudioData(
    _index=177553,
    filepath=PosixPath('/cluster/work/martimoa/hdd_copy/GLIDER phase I 
deployment/August/pa0363bu_004_180808_093357.wav'),
    num_channels=1,
    sampling_rate=128000,
    start_time=Timestamp('2018-08-08 09:36:07'),
    end_time=Timestamp('2018-08-08 09:36:17'),
    samples=array([-0.00737   , -0.00739288, -0.00748444, ..., -0.00701904,
       -0.00707245, -0.00711823], dtype=float32),
    labels=Empty DataFrame
Columns: [start_time, end_time, source_class, metadata, source_class_specific]
Index: [],
    labels_dict={'Biophonic': 0, 'Anthropogenic': 1}
)
[-0.01445007 -0.01415253 -0.01409912 ... -0.00084686  0.00761414
  0.01553345]
There are 1299 unique sample values in clip with index 177553

111133
LabeledAudioData(
    _index=111133,
    filepath=PosixPath('/cluster/work/martimoa/hdd_copy/GLIDER phase I 
deployment/July/pa0225au_002_180723_235347.wav'),
    num_channels=1,
    sampling_rate=128000,
    start_time=Timestamp('2018-07-23 23:55:57'),
    end_time=Timestamp('2018-07-23 23:56:07'),
    samples=array([-0.00650024, -0.00639343, -0.00643921, ..., -0.00934601,
       -0.00936127, -0.00926971], dtype=float32),
    labels=Empty DataFrame
Columns: [start_time, end_time, source_class, metadata, source_class_specific]
Index: [],
    labels_dict={'Biophonic': 0, 'Anthropogenic': 1}
)
[-1.3282776e-02 -1.3198853e-02 -1.3191223e-02 ...  6.8664551e-05
  3.3416748e-03  1.5052795e-02]
There are 1696 unique sample values in clip with index 111133

216162
LabeledAudioData(
    _index=216162,
    filepath=PosixPath('/cluster/work/martimoa/hdd_copy/GLIDER phase I 
deployment/August/pa0495au_003_180824_121927.wav'),
    num_channels=1,
    sampling_rate=128000,
    start_time=Timestamp('2018-08-24 12:26:27'),
    end_time=Timestamp('2018-08-24 12:26:37'),
    samples=array([-0.00717926, -0.00745392, -0.00688171, ..., -0.00591278,
       -0.00572205, -0.00494385], dtype=float32),
    labels=             start_time  ... source_class_specific
176 2018-08-24 12:21:00  ...    Unid. baleen whale

[1 rows x 5 columns],
    labels_dict={'Biophonic': 0, 'Anthropogenic': 1}
)
[-0.01425934 -0.01409912 -0.01402283 ...  0.00114441  0.00154877
  0.0134964 ]
There are 1831 unique sample values in clip with index 216162

19312
LabeledAudioData(
    _index=19312,
    filepath=PosixPath('/cluster/work/martimoa/hdd_copy/GLIDER phase I 
deployment/August/pa0569au_002_180619_075936.wav'),
    num_channels=1,
    sampling_rate=128000,
    start_time=Timestamp('2018-06-19 08:08:16'),
    end_time=Timestamp('2018-06-19 08:08:26'),
    samples=array([-0.00313568, -0.00331116, -0.00327301, ..., -0.0072403 ,
       -0.00718689, -0.0072403 ], dtype=float32),
    labels=Empty DataFrame
Columns: [start_time, end_time, source_class, metadata, source_class_specific]
Index: [],
    labels_dict={'Biophonic': 0, 'Anthropogenic': 1}
)
[-0.01486206 -0.01457977 -0.01456451 ...  0.00233459  0.00235748
  0.01542664]
There are 2059 unique sample values in clip with index 19312

142078
LabeledAudioData(
    _index=142078,
    filepath=PosixPath('/cluster/work/martimoa/hdd_copy/GLIDER phase I 
deployment/July/pa0290au_004_180730_221340.wav'),
    num_channels=1,
    sampling_rate=128000,
    start_time=Timestamp('2018-07-30 22:23:20'),
    end_time=Timestamp('2018-07-30 22:23:30'),
    samples=array([-0.00257874, -0.00252533, -0.00256348, ..., -0.0083847 ,
       -0.0083847 , -0.00842285], dtype=float32),
    labels=             start_time  ... source_class_specific
56  2018-07-30 22:08:00  ...             Fin whale
264 2018-07-30 22:08:00  ...            Ship noise

[2 rows x 5 columns],
    labels_dict={'Biophonic': 0, 'Anthropogenic': 1}
)
[-0.01302338 -0.01296997 -0.01250458 ... -0.00066376  0.01321411
  0.01688385]
There are 1525 unique sample values in clip with index 142078

174787
LabeledAudioData(
    _index=174787,
    filepath=PosixPath('/cluster/work/martimoa/hdd_copy/GLIDER phase I 
deployment/August/pa0358au_002_180807_180829.wav'),
    num_channels=1,
    sampling_rate=128000,
    start_time=Timestamp('2018-08-07 18:09:39'),
    end_time=Timestamp('2018-08-07 18:09:49'),
    samples=array([-0.00924683, -0.00857544, -0.00888062, ..., -0.00718689,
       -0.00711823, -0.00736237], dtype=float32),
    labels=Empty DataFrame
Columns: [start_time, end_time, source_class, metadata, source_class_specific]
Index: [],
    labels_dict={'Biophonic': 0, 'Anthropogenic': 1}
)
[-0.01341248 -0.01335907 -0.01333618 ...  0.0031662   0.00777435
  0.02705383]
There are 1793 unique sample values in clip with index 174787

41517
LabeledAudioData(
    _index=41517,
    filepath=PosixPath('/cluster/work/martimoa/hdd_copy/GLIDER phase I 
deployment/July/pa0045au_003_180708_021921.wav'),
    num_channels=1,
    sampling_rate=128000,
    start_time=Timestamp('2018-07-08 02:28:51'),
    end_time=Timestamp('2018-07-08 02:29:01'),
    samples=array([-0.00054932, -0.00069427, -0.00119019, ..., -0.0017395 ,
       -0.00173187, -0.00170898], dtype=float32),
    labels=Empty DataFrame
Columns: [start_time, end_time, source_class, metadata, source_class_specific]
Index: [],
    labels_dict={'Biophonic': 0, 'Anthropogenic': 1}
)
[-0.02121735 -0.02100372 -0.02089691 ...  0.00808716  0.00873566
  0.029953  ]
There are 3312 unique sample values in clip with index 41517

244137
LabeledAudioData(
    _index=244137,
    filepath=PosixPath('/cluster/work/martimoa/hdd_copy/GLIDER phase I 
deployment/September/pa0598au_002_180906_065824.wav'),
    num_channels=1,
    sampling_rate=128000,
    start_time=Timestamp('2018-09-06 07:07:54'),
    end_time=Timestamp('2018-09-06 07:08:04'),
    samples=array([-0.00502014, -0.00507355, -0.00491333, ..., -0.00943756,
       -0.00933075, -0.00935364], dtype=float32),
    labels=Empty DataFrame
Columns: [start_time, end_time, source_class, metadata, source_class_specific]
Index: [],
    labels_dict={'Biophonic': 0, 'Anthropogenic': 1}
)
[-0.01293182 -0.01286316 -0.01285553 ...  0.00250244  0.00365448
  0.02510071]
There are 1667 unique sample values in clip with index 244137

151308
LabeledAudioData(
    _index=151308,
    filepath=PosixPath('/cluster/work/martimoa/hdd_copy/GLIDER phase I 
deployment/August/pa0309bu_001_180802_102036.wav'),
    num_channels=1,
    sampling_rate=128000,
    start_time=Timestamp('2018-08-02 10:28:36'),
    end_time=Timestamp('2018-08-02 10:28:46'),
    samples=array([-0.00598145, -0.0061264 , -0.00619507, ..., -0.00852203,
       -0.00843811, -0.00828552], dtype=float32),
    labels=Empty DataFrame
Columns: [start_time, end_time, source_class, metadata, source_class_specific]
Index: [],
    labels_dict={'Biophonic': 0, 'Anthropogenic': 1}
)
[-0.01268005 -0.01248932 -0.01248169 ...  0.00055695  0.01185608
  0.01642609]
There are 1666 unique sample values in clip with index 151308

39725
LabeledAudioData(
    _index=39725,
    filepath=PosixPath('/cluster/work/martimoa/hdd_copy/GLIDER phase I 
deployment/July/pa0040au_001_180707_172456.wav'),
    num_channels=1,
    sampling_rate=128000,
    start_time=Timestamp('2018-07-07 17:25:46'),
    end_time=Timestamp('2018-07-07 17:25:56'),
    samples=array([-0.00794983, -0.00779724, -0.00779724, ..., -0.00276184,
       -0.00268555, -0.00295258], dtype=float32),
    labels=Empty DataFrame
Columns: [start_time, end_time, source_class, metadata, source_class_specific]
Index: [],
    labels_dict={'Biophonic': 0, 'Anthropogenic': 1}
)
[-0.11266327 -0.11261749 -0.11260223 ...  0.08816528  0.08822632
  0.08829498]
There are 14158 unique sample values in clip with index 39725

237214
LabeledAudioData(
    _index=237214,
    filepath=PosixPath('/cluster/work/martimoa/hdd_copy/GLIDER phase I 
deployment/September/pa0569au_001_180903_044103.wav'),
    num_channels=1,
    sampling_rate=128000,
    start_time=Timestamp('2018-09-03 04:46:43'),
    end_time=Timestamp('2018-09-03 04:46:53'),
    samples=array([-0.00461578, -0.00453186, -0.0039444 , ..., -0.00386047,
       -0.00312805, -0.00266266], dtype=float32),
    labels=Empty DataFrame
Columns: [start_time, end_time, source_class, metadata, source_class_specific]
Index: [],
    labels_dict={'Biophonic': 0, 'Anthropogenic': 1}
)
[-0.02015686 -0.0199585  -0.0198822  ...  0.00708008  0.00720978
  0.00730133]
There are 3193 unique sample values in clip with index 237214

173134
LabeledAudioData(
    _index=173134,
    filepath=PosixPath('/cluster/work/martimoa/hdd_copy/GLIDER phase I 
deployment/August/pa0354bu_003_180807_083718.wav'),
    num_channels=1,
    sampling_rate=128000,
    start_time=Timestamp('2018-08-07 08:42:58'),
    end_time=Timestamp('2018-08-07 08:43:08'),
    samples=array([-0.00704956, -0.00705719, -0.00692749, ..., -0.00608826,
       -0.00598907, -0.00624847], dtype=float32),
    labels=             start_time  ... source_class_specific
90  2018-08-07 08:17:00  ...             Fin whale
466 2018-08-07 08:21:00  ...                Aiguns

[2 rows x 5 columns],
    labels_dict={'Biophonic': 0, 'Anthropogenic': 1}
)
[-0.01568604 -0.01564789 -0.01557159 ...  0.00363922  0.00369263
  0.01771545]
There are 2421 unique sample values in clip with index 173134

239015
LabeledAudioData(
    _index=239015,
    filepath=PosixPath('/cluster/work/martimoa/hdd_copy/GLIDER phase I 
deployment/September/pa0576au_003_180904_021139.wav'),
    num_channels=1,
    sampling_rate=128000,
    start_time=Timestamp('2018-09-04 02:17:29'),
    end_time=Timestamp('2018-09-04 02:17:39'),
    samples=array([-0.0046463 , -0.00463104, -0.00465393, ..., -0.00540924,
       -0.00558472, -0.00569916], dtype=float32),
    labels=Empty DataFrame
Columns: [start_time, end_time, source_class, metadata, source_class_specific]
Index: [],
    labels_dict={'Biophonic': 0, 'Anthropogenic': 1}
)
[-0.01506805 -0.01450348 -0.01448822 ...  0.00190735  0.00682068
  0.01267242]
There are 2024 unique sample values in clip with index 239015

118698
LabeledAudioData(
    _index=118698,
    filepath=PosixPath('/cluster/work/martimoa/hdd_copy/GLIDER phase I 
deployment/July/pa0241au_002_180725_193556.wav'),
    num_channels=1,
    sampling_rate=128000,
    start_time=Timestamp('2018-07-25 19:38:56'),
    end_time=Timestamp('2018-07-25 19:39:06'),
    samples=array([-0.03431702, -0.0345459 , -0.0344696 , ..., -0.00789642,
       -0.00791931, -0.00806427], dtype=float32),
    labels=Empty DataFrame
Columns: [start_time, end_time, source_class, metadata, source_class_specific]
Index: [],
    labels_dict={'Biophonic': 0, 'Anthropogenic': 1}
)
[-0.05300903 -0.0528717  -0.05282593 ...  0.04942322  0.04947662
  0.04966736]
There are 9962 unique sample values in clip with index 118698

37241
LabeledAudioData(
    _index=37241,
    filepath=PosixPath('/cluster/work/martimoa/hdd_copy/GLIDER phase I 
deployment/July/pa0032bu_002_180707_071041.wav'),
    num_channels=1,
    sampling_rate=128000,
    start_time=Timestamp('2018-07-07 07:17:31'),
    end_time=Timestamp('2018-07-07 07:17:41'),
    samples=array([-0.00180817, -0.00190735, -0.00199127, ..., -0.00486755,
       -0.00511932, -0.00505066], dtype=float32),
    labels=Empty DataFrame
Columns: [start_time, end_time, source_class, metadata, source_class_specific]
Index: [],
    labels_dict={'Biophonic': 0, 'Anthropogenic': 1}
)
[-0.01795197 -0.01782227 -0.01780701 ...  0.00492859  0.0050354
  0.02814484]
There are 2888 unique sample values in clip with index 37241

149466
LabeledAudioData(
    _index=149466,
    filepath=PosixPath('/cluster/work/martimoa/hdd_copy/GLIDER phase I 
deployment/August/pa0305bu_003_180801_223720.wav'),
    num_channels=1,
    sampling_rate=128000,
    start_time=Timestamp('2018-08-01 22:38:20'),
    end_time=Timestamp('2018-08-01 22:38:30'),
    samples=array([-0.00546265, -0.00508118, -0.00505829, ..., -0.00315857,
       -0.00336456, -0.00328064], dtype=float32),
    labels=Empty DataFrame
Columns: [start_time, end_time, source_class, metadata, source_class_specific]
Index: [],
    labels_dict={'Biophonic': 0, 'Anthropogenic': 1}
)
[-0.01206207 -0.01200867 -0.01197052 ... -0.00114441 -0.00111389
  0.02548218]
There are 1375 unique sample values in clip with index 149466

163308
LabeledAudioData(
    _index=163308,
    filepath=PosixPath('/cluster/work/martimoa/hdd_copy/GLIDER phase I 
deployment/August/pa0334bu_001_180805_014507.wav'),
    num_channels=1,
    sampling_rate=128000,
    start_time=Timestamp('2018-08-05 01:53:07'),
    end_time=Timestamp('2018-08-05 01:53:17'),
    samples=array([-0.00392914, -0.00378418, -0.00363922, ..., -0.0059967 ,
       -0.00580597, -0.00616455], dtype=float32),
    labels=Empty DataFrame
Columns: [start_time, end_time, source_class, metadata, source_class_specific]
Index: [],
    labels_dict={'Biophonic': 0, 'Anthropogenic': 1}
)
[-0.01719666 -0.01715088 -0.01714325 ...  0.00362396  0.00366211
  0.01456451]
There are 2577 unique sample values in clip with index 163308

189943
LabeledAudioData(
    _index=189943,
    filepath=PosixPath('/cluster/work/martimoa/hdd_copy/GLIDER phase I 
deployment/August/pa0406au_003_180813_101625.wav'),
    num_channels=1,
    sampling_rate=128000,
    start_time=Timestamp('2018-08-13 10:23:35'),
    end_time=Timestamp('2018-08-13 10:23:45'),
    samples=array([-0.00654602, -0.0070343 , -0.007164  , ..., -0.00704193,
       -0.00700378, -0.00684357], dtype=float32),
    labels=             start_time  ... source_class_specific
124 2018-08-13 10:18:00  ...             Fin whale
291 2018-08-13 10:18:00  ...                Airgun

[2 rows x 5 columns],
    labels_dict={'Biophonic': 0, 'Anthropogenic': 1}
)
[-1.1230469e-02 -1.1154175e-02 -1.1100769e-02 ... -8.1634521e-04
 -7.6293945e-06  2.0500183e-02]
There are 1136 unique sample values in clip with index 189943

228585
LabeledAudioData(
    _index=228585,
    filepath=PosixPath('/cluster/work/martimoa/hdd_copy/GLIDER phase I 
deployment/August/pa0536au_005_180829_135159.wav'),
    num_channels=1,
    sampling_rate=128000,
    start_time=Timestamp('2018-08-29 13:59:29'),
    end_time=Timestamp('2018-08-29 13:59:39'),
    samples=array([-0.00471497, -0.00447845, -0.00462341, ..., -0.00603485,
       -0.00601959, -0.00584412], dtype=float32),
    labels=             start_time  ... source_class_specific
215 2018-08-29 13:39:00  ...             Fin whale

[1 rows x 5 columns],
    labels_dict={'Biophonic': 0, 'Anthropogenic': 1}
)
[-0.0149765  -0.01496124 -0.01478577 ...  0.00287628  0.00292206
  0.01480103]
There are 2250 unique sample values in clip with index 228585

8699
LabeledAudioData(
    _index=8699,
    filepath=PosixPath('/cluster/work/martimoa/hdd_copy/GLIDER phase I 
deployment/August/pa0350bu_004_180425_122720.wav'),
    num_channels=1,
    sampling_rate=128000,
    start_time=Timestamp('2018-04-25 12:37:10'),
    end_time=Timestamp('2018-04-25 12:37:20'),
    samples=array([-0.00699615, -0.00704956, -0.00727081, ..., -0.00857544,
       -0.0088501 , -0.00887299], dtype=float32),
    labels=Empty DataFrame
Columns: [start_time, end_time, source_class, metadata, source_class_specific]
Index: [],
    labels_dict={'Biophonic': 0, 'Anthropogenic': 1}
)
[-0.01300049 -0.01293945 -0.01291656 ...  0.00183105  0.00380707
  0.01609802]
There are 1606 unique sample values in clip with index 8699

93463
LabeledAudioData(
    _index=93463,
    filepath=PosixPath('/cluster/work/martimoa/hdd_copy/GLIDER phase I 
deployment/July/pa0180bu_003_180719_111448.wav'),
    num_channels=1,
    sampling_rate=128000,
    start_time=Timestamp('2018-07-19 11:21:58'),
    end_time=Timestamp('2018-07-19 11:22:08'),
    samples=array([-0.00444031, -0.00443268, -0.00415039, ..., -0.00311279,
       -0.00314331, -0.00302124], dtype=float32),
    labels=Empty DataFrame
Columns: [start_time, end_time, source_class, metadata, source_class_specific]
Index: [],
    labels_dict={'Biophonic': 0, 'Anthropogenic': 1}
)
[-0.01996613 -0.01991272 -0.01989746 ...  0.00757599  0.00785828
  0.0241394 ]
There are 3044 unique sample values in clip with index 93463

233148
LabeledAudioData(
    _index=233148,
    filepath=PosixPath('/cluster/work/martimoa/hdd_copy/GLIDER phase I 
deployment/September/pa0552au_003_180901_003027.wav'),
    num_channels=1,
    sampling_rate=128000,
    start_time=Timestamp('2018-09-01 00:38:27'),
    end_time=Timestamp('2018-09-01 00:38:37'),
    samples=array([-0.01325989, -0.01345825, -0.01368713, ..., -0.02102661,
       -0.02138519, -0.02159882], dtype=float32),
    labels=Empty DataFrame
Columns: [start_time, end_time, source_class, metadata, source_class_specific]
Index: [],
    labels_dict={'Biophonic': 0, 'Anthropogenic': 1}
)
[-0.32504272 -0.32481384 -0.32469177 ...  0.45851898  0.4587555
  0.4589157 ]
There are 35390 unique sample values in clip with index 233148

204620
LabeledAudioData(
    _index=204620,
    filepath=PosixPath('/cluster/work/martimoa/hdd_copy/GLIDER phase I 
deployment/August/pa0455au_005_180819_143242.wav'),
    num_channels=1,
    sampling_rate=128000,
    start_time=Timestamp('2018-08-19 14:36:02'),
    end_time=Timestamp('2018-08-19 14:36:12'),
    samples=array([-0.00572205, -0.00574493, -0.00552368, ..., -0.01263428,
       -0.01292419, -0.01282501], dtype=float32),
    labels=Empty DataFrame
Columns: [start_time, end_time, source_class, metadata, source_class_specific]
Index: [],
    labels_dict={'Biophonic': 0, 'Anthropogenic': 1}
)
[-0.02265167 -0.02246094 -0.02243805 ...  0.00793457  0.00794983
  0.02266693]
There are 3281 unique sample values in clip with index 204620

236289
LabeledAudioData(
    _index=236289,
    filepath=PosixPath('/cluster/work/martimoa/hdd_copy/GLIDER phase I 
deployment/September/pa0565au_002_180902_162753.wav'),
    num_channels=1,
    sampling_rate=128000,
    start_time=Timestamp('2018-09-02 16:29:23'),
    end_time=Timestamp('2018-09-02 16:29:33'),
    samples=array([-0.00799561, -0.00809479, -0.00771332, ..., -0.00519562,
       -0.00520325, -0.0054245 ], dtype=float32),
    labels=Empty DataFrame
Columns: [start_time, end_time, source_class, metadata, source_class_specific]
Index: [],
    labels_dict={'Biophonic': 0, 'Anthropogenic': 1}
)
[-0.16959381 -0.1635971  -0.16357422 ...  0.2143631   0.21784973
  0.22052002]
There are 11854 unique sample values in clip with index 236289

78330
LabeledAudioData(
    _index=78330,
    filepath=PosixPath('/cluster/work/martimoa/hdd_copy/GLIDER phase I 
deployment/July/pa0139bu_001_180716_053026.wav'),
    num_channels=1,
    sampling_rate=128000,
    start_time=Timestamp('2018-07-16 05:35:26'),
    end_time=Timestamp('2018-07-16 05:35:36'),
    samples=array([-0.00654602, -0.00645447, -0.00661469, ..., -0.00670624,
       -0.00668335, -0.00682831], dtype=float32),
    labels=Empty DataFrame
Columns: [start_time, end_time, source_class, metadata, source_class_specific]
Index: [],
    labels_dict={'Biophonic': 0, 'Anthropogenic': 1}
)
[-0.01551056 -0.01538849 -0.01535797 ...  0.0033493   0.00339508
  0.01542664]
There are 2386 unique sample values in clip with index 78330

45541
LabeledAudioData(
    _index=45541,
    filepath=PosixPath('/cluster/work/martimoa/hdd_copy/GLIDER phase I 
deployment/July/pa0055au_003_180709_011454.wav'),
    num_channels=1,
    sampling_rate=128000,
    start_time=Timestamp('2018-07-09 01:15:04'),
    end_time=Timestamp('2018-07-09 01:15:14'),
    samples=array([-0.00443268, -0.00444794, -0.00460815, ..., -0.01500702,
       -0.01521301, -0.01533508], dtype=float32),
    labels=Empty DataFrame
Columns: [start_time, end_time, source_class, metadata, source_class_specific]
Index: [],
    labels_dict={'Biophonic': 0, 'Anthropogenic': 1}
)
[-0.01921082 -0.01918793 -0.01908112 ...  0.00707245  0.00996399
  0.01863098]
There are 3271 unique sample values in clip with index 45541

186793
LabeledAudioData(
    _index=186793,
    filepath=PosixPath('/cluster/work/martimoa/hdd_copy/GLIDER phase I 
deployment/August/pa0395au_004_180811_210635.wav'),
    num_channels=1,
    sampling_rate=128000,
    start_time=Timestamp('2018-08-11 21:08:45'),
    end_time=Timestamp('2018-08-11 21:08:55'),
    samples=array([-0.00818634, -0.0080719 , -0.00804901, ..., -0.00827026,
       -0.0085907 , -0.00881958], dtype=float32),
    labels=Empty DataFrame
Columns: [start_time, end_time, source_class, metadata, source_class_specific]
Index: [],
    labels_dict={'Biophonic': 0, 'Anthropogenic': 1}
)
[-0.01578522 -0.01573944 -0.01567841 ...  0.00204468  0.00219727
  0.02149963]
There are 2049 unique sample values in clip with index 186793

2884
LabeledAudioData(
    _index=2884,
    filepath=PosixPath('/cluster/work/martimoa/hdd_copy/GLIDER phase I 
deployment/August/pa0326au_001_180422_113856.wav'),
    num_channels=1,
    sampling_rate=128000,
    start_time=Timestamp('2018-04-22 11:39:36'),
    end_time=Timestamp('2018-04-22 11:39:46'),
    samples=array([-0.00436401, -0.00436401, -0.00453186, ..., -0.00608826,
       -0.00609589, -0.00604248], dtype=float32),
    labels=Empty DataFrame
Columns: [start_time, end_time, source_class, metadata, source_class_specific]
Index: [],
    labels_dict={'Biophonic': 0, 'Anthropogenic': 1}
)
[-0.01847076 -0.01844788 -0.01799774 ...  0.00447845  0.00453949
  0.01815033]
There are 2237 unique sample values in clip with index 2884

121837
LabeledAudioData(
    _index=121837,
    filepath=PosixPath('/cluster/work/martimoa/hdd_copy/GLIDER phase I 
deployment/July/pa0247bu_003_180726_125336.wav'),
    num_channels=1,
    sampling_rate=128000,
    start_time=Timestamp('2018-07-26 12:59:46'),
    end_time=Timestamp('2018-07-26 12:59:56'),
    samples=array([-0.00527954, -0.00519562, -0.0052948 , ..., -0.006073  ,
       -0.00616455, -0.00601959], dtype=float32),
    labels=Empty DataFrame
Columns: [start_time, end_time, source_class, metadata, source_class_specific]
Index: [],
    labels_dict={'Biophonic': 0, 'Anthropogenic': 1}
)
[-0.01301575 -0.01296234 -0.01295471 ...  0.00366974  0.00421143
  0.02629089]
There are 1658 unique sample values in clip with index 121837

203220
LabeledAudioData(
    _index=203220,
    filepath=PosixPath('/cluster/work/martimoa/hdd_copy/GLIDER phase I 
deployment/August/pa0451au_002_180819_030901.wav'),
    num_channels=1,
    sampling_rate=128000,
    start_time=Timestamp('2018-08-19 03:09:01'),
    end_time=Timestamp('2018-08-19 03:09:11'),
    samples=array([-0.01009369, -0.01039124, -0.01034546, ..., -0.00585938,
       -0.00548553, -0.00502777], dtype=float32),
    labels=Empty DataFrame
Columns: [start_time, end_time, source_class, metadata, source_class_specific]
Index: [],
    labels_dict={'Biophonic': 0, 'Anthropogenic': 1}
)
[-0.01829529 -0.01828003 -0.01818085 ...  0.00728607  0.00743866
  0.0265274 ]
There are 2758 unique sample values in clip with index 203220

49648
LabeledAudioData(
    _index=49648,
    filepath=PosixPath('/cluster/work/martimoa/hdd_copy/GLIDER phase I 
deployment/July/pa0063bu_004_180710_000943.wav'),
    num_channels=1,
    sampling_rate=128000,
    start_time=Timestamp('2018-07-10 00:14:23'),
    end_time=Timestamp('2018-07-10 00:14:33'),
    samples=array([-0.00669098, -0.00668335, -0.00656891, ..., -0.00635529,
       -0.00624847, -0.00613403], dtype=float32),
    labels=Empty DataFrame
Columns: [start_time, end_time, source_class, metadata, source_class_specific]
Index: [],
    labels_dict={'Biophonic': 0, 'Anthropogenic': 1}
)
[-0.01596069 -0.01580048 -0.01495361 ...  0.00114441  0.00447083
  0.03001404]
There are 1423 unique sample values in clip with index 49648

66767
LabeledAudioData(
    _index=66767,
    filepath=PosixPath('/cluster/work/martimoa/hdd_copy/GLIDER phase I 
deployment/July/pa0107au_001_180713_162901.wav'),
    num_channels=1,
    sampling_rate=128000,
    start_time=Timestamp('2018-07-13 16:36:51'),
    end_time=Timestamp('2018-07-13 16:37:01'),
    samples=array([-0.00569153, -0.00580597, -0.00559998, ..., -0.00812531,
       -0.00801849, -0.00810242], dtype=float32),
    labels=Empty DataFrame
Columns: [start_time, end_time, source_class, metadata, source_class_specific]
Index: [],
    labels_dict={'Biophonic': 0, 'Anthropogenic': 1}
)
[-0.01399994 -0.01385498 -0.01379395 ...  0.00087738  0.00699615
  0.02153778]
There are 1850 unique sample values in clip with index 66767

199630
LabeledAudioData(
    _index=199630,
    filepath=PosixPath('/cluster/work/martimoa/hdd_copy/GLIDER phase I 
deployment/August/pa0439au_002_180817_131145.wav'),
    num_channels=1,
    sampling_rate=128000,
    start_time=Timestamp('2018-08-17 13:13:25'),
    end_time=Timestamp('2018-08-17 13:13:35'),
    samples=array([-0.02033234, -0.02006531, -0.0201416 , ..., -0.00741577,
       -0.00764465, -0.007164  ], dtype=float32),
    labels=Empty DataFrame
Columns: [start_time, end_time, source_class, metadata, source_class_specific]
Index: [],
    labels_dict={'Biophonic': 0, 'Anthropogenic': 1}
)
[-0.05228424 -0.05223846 -0.05220795 ...  0.04323578  0.04354095
  0.04373932]
There are 10111 unique sample values in clip with index 199630

35627
LabeledAudioData(
    _index=35627,
    filepath=PosixPath('/cluster/work/martimoa/hdd_copy/GLIDER phase I 
deployment/July/pa0027bu_001_180707_001845.wav'),
    num_channels=1,
    sampling_rate=128000,
    start_time=Timestamp('2018-07-07 00:26:35'),
    end_time=Timestamp('2018-07-07 00:26:45'),
    samples=array([-0.00665283, -0.0067749 , -0.00666809, ..., -0.0100708 ,
       -0.01006317, -0.01018524], dtype=float32),
    labels=Empty DataFrame
Columns: [start_time, end_time, source_class, metadata, source_class_specific]
Index: [],
    labels_dict={'Biophonic': 0, 'Anthropogenic': 1}
)
[-0.01780701 -0.01770782 -0.01768494 ...  0.00588226  0.00856781
  0.02842712]
There are 2975 unique sample values in clip with index 35627

61026
LabeledAudioData(
    _index=61026,
    filepath=PosixPath('/cluster/work/martimoa/hdd_copy/GLIDER phase I 
deployment/July/pa0091bu_003_180712_111144.wav'),
    num_channels=1,
    sampling_rate=128000,
    start_time=Timestamp('2018-07-12 11:12:44'),
    end_time=Timestamp('2018-07-12 11:12:54'),
    samples=array([-0.00668335, -0.00679016, -0.00653839, ..., -0.004776  ,
       -0.00479889, -0.00473785], dtype=float32),
    labels=Empty DataFrame
Columns: [start_time, end_time, source_class, metadata, source_class_specific]
Index: [],
    labels_dict={'Biophonic': 0, 'Anthropogenic': 1}
)
[-0.01415253 -0.01412201 -0.01411438 ...  0.00098419  0.0041275
  0.02628326]
There are 1943 unique sample values in clip with index 61026

213867
LabeledAudioData(
    _index=213867,
    filepath=PosixPath('/cluster/work/martimoa/hdd_copy/GLIDER phase I 
deployment/August/pa0487au_005_180823_103931.wav'),
    num_channels=1,
    sampling_rate=128000,
    start_time=Timestamp('2018-08-23 10:44:01'),
    end_time=Timestamp('2018-08-23 10:44:11'),
    samples=array([-0.00854492, -0.00861359, -0.00827789, ..., -0.01146698,
       -0.01110077, -0.01174164], dtype=float32),
    labels=Empty DataFrame
Columns: [start_time, end_time, source_class, metadata, source_class_specific]
Index: [],
    labels_dict={'Biophonic': 0, 'Anthropogenic': 1}
)
[-0.02313232 -0.02308655 -0.02307129 ...  0.00841522  0.00843811
  0.013237  ]
There are 3821 unique sample values in clip with index 213867

243147
LabeledAudioData(
    _index=243147,
    filepath=PosixPath('/cluster/work/martimoa/hdd_copy/GLIDER phase I 
deployment/September/pa0594au_001_180905_213458.wav'),
    num_channels=1,
    sampling_rate=128000,
    start_time=Timestamp('2018-09-05 21:39:28'),
    end_time=Timestamp('2018-09-05 21:39:38'),
    samples=array([-0.00771332, -0.00759888, -0.00776672, ..., -0.005867  ,
       -0.00597382, -0.00595093], dtype=float32),
    labels=Empty DataFrame
Columns: [start_time, end_time, source_class, metadata, source_class_specific]
Index: [],
    labels_dict={'Biophonic': 0, 'Anthropogenic': 1}
)
[-0.0147934  -0.01477051 -0.01475525 ...  0.00283051  0.00283813
  0.01629639]
There are 2265 unique sample values in clip with index 243147

103982
LabeledAudioData(
    _index=103982,
    filepath=PosixPath('/cluster/work/martimoa/hdd_copy/GLIDER phase I 
deployment/July/pa0209au_001_180722_115725.wav'),
    num_channels=1,
    sampling_rate=128000,
    start_time=Timestamp('2018-07-22 11:57:45'),
    end_time=Timestamp('2018-07-22 11:57:55'),
    samples=array([-0.00701904, -0.00692749, -0.00709534, ..., -0.00535583,
       -0.00540161, -0.00556183], dtype=float32),
    labels=Empty DataFrame
Columns: [start_time, end_time, source_class, metadata, source_class_specific]
Index: [],
    labels_dict={'Biophonic': 0, 'Anthropogenic': 1}
)
[-0.03116608 -0.03109741 -0.03102112 ...  0.01816559  0.02768707
  0.03279114]
There are 3889 unique sample values in clip with index 103982

246499
LabeledAudioData(
    _index=246499,
    filepath=PosixPath('/cluster/work/martimoa/hdd_copy/GLIDER phase I 
deployment/September/pa0608au_003_180907_110019.wav'),
    num_channels=1,
    sampling_rate=128000,
    start_time=Timestamp('2018-09-07 11:03:29'),
    end_time=Timestamp('2018-09-07 11:03:39'),
    samples=array([-0.00737   , -0.00728607, -0.00761414, ..., -0.00730896,
       -0.00715637, -0.00714874], dtype=float32),
    labels=Empty DataFrame
Columns: [start_time, end_time, source_class, metadata, source_class_specific]
Index: [],
    labels_dict={'Biophonic': 0, 'Anthropogenic': 1}
)
[-0.17941284 -0.17855072 -0.1710968  ...  0.15115356  0.15674591
  0.15686798]
There are 10540 unique sample values in clip with index 246499

18745
LabeledAudioData(
    _index=18745,
    filepath=PosixPath('/cluster/work/martimoa/hdd_copy/GLIDER phase I 
deployment/August/pa0566au_002_180618_233646.wav'),
    num_channels=1,
    sampling_rate=128000,
    start_time=Timestamp('2018-06-18 23:40:56'),
    end_time=Timestamp('2018-06-18 23:41:06'),
    samples=array([-0.00741577, -0.00696564, -0.00698853, ..., -0.00722504,
       -0.00706482, -0.00695038], dtype=float32),
    labels=Empty DataFrame
Columns: [start_time, end_time, source_class, metadata, source_class_specific]
Index: [],
    labels_dict={'Biophonic': 0, 'Anthropogenic': 1}
)
[-0.01865387 -0.01864624 -0.01863861 ...  0.00418854  0.00421906
  0.02656555]
There are 2647 unique sample values in clip with index 18745

197742
LabeledAudioData(
    _index=197742,
    filepath=PosixPath('/cluster/work/martimoa/hdd_copy/GLIDER phase I 
deployment/August/pa0432au_004_180816_161033.wav'),
    num_channels=1,
    sampling_rate=128000,
    start_time=Timestamp('2018-08-16 16:17:33'),
    end_time=Timestamp('2018-08-16 16:17:43'),
    samples=array([-0.01036835, -0.01046753, -0.01055908, ...,  0.00037384,
        0.00042725,  0.00038147], dtype=float32),
    labels=             start_time  ... source_class_specific
517 2018-08-16 15:41:00  ...                Aiguns

[1 rows x 5 columns],
    labels_dict={'Biophonic': 0, 'Anthropogenic': 1}
)
[-0.02784729 -0.02778625 -0.02775574 ...  0.01955414  0.01963043
  0.02172089]
There are 5384 unique sample values in clip with index 197742

10118
LabeledAudioData(
    _index=10118,
    filepath=PosixPath('/cluster/work/martimoa/hdd_copy/GLIDER phase I 
deployment/August/pa0527au_004_180613_184835.wav'),
    num_channels=1,
    sampling_rate=128000,
    start_time=Timestamp('2018-06-13 18:54:55'),
    end_time=Timestamp('2018-06-13 18:55:05'),
    samples=array([-0.00559235, -0.00569153, -0.00563812, ..., -0.00682831,
       -0.0068512 , -0.00681305], dtype=float32),
    labels=Empty DataFrame
Columns: [start_time, end_time, source_class, metadata, source_class_specific]
Index: [],
    labels_dict={'Biophonic': 0, 'Anthropogenic': 1}
)
[-0.01611328 -0.01609039 -0.01607513 ...  0.00232697  0.002388
  0.01486206]
There are 2260 unique sample values in clip with index 10118

Traceback (most recent call last):
  File "/cluster/home/martimoa/TDT4900-Noise-in-the-Sea-Source/experiments/ResNet18/resnet18_trainer.py", line 80, in <module>
    main()
  File "/cluster/home/martimoa/TDT4900-Noise-in-the-Sea-Source/experiments/ResNet18/resnet18_trainer.py", line 77, in main
    train(args)
  File "/cluster/home/martimoa/TDT4900-Noise-in-the-Sea-Source/experiments/ResNet18/resnet18_trainer.py", line 63, in train
    trainer.kfoldcv(
  File "/cluster/home/martimoa/TDT4900-Noise-in-the-Sea-Source/models/trainer.py", line 194, in kfoldcv
    model = train(model, dataset, training_samples, batch_size=batch_size, num_workers=num_workers, **train_kwargs)
  File "/cluster/home/martimoa/TDT4900-Noise-in-the-Sea-Source/models/trainer.py", line 150, in train
    raise Exception("Loss is nan...")
Exception: Loss is nan...
