no change     /cluster/apps/eb/software/Anaconda3/2020.07/condabin/conda
no change     /cluster/apps/eb/software/Anaconda3/2020.07/bin/conda
no change     /cluster/apps/eb/software/Anaconda3/2020.07/bin/conda-env
no change     /cluster/apps/eb/software/Anaconda3/2020.07/bin/activate
no change     /cluster/apps/eb/software/Anaconda3/2020.07/bin/deactivate
no change     /cluster/apps/eb/software/Anaconda3/2020.07/etc/profile.d/conda.sh
no change     /cluster/apps/eb/software/Anaconda3/2020.07/etc/fish/conf.d/conda.fish
no change     /cluster/apps/eb/software/Anaconda3/2020.07/shell/condabin/Conda.psm1
no change     /cluster/apps/eb/software/Anaconda3/2020.07/shell/condabin/conda-hook.ps1
no change     /cluster/apps/eb/software/Anaconda3/2020.07/lib/python3.8/site-packages/xontrib/conda.xsh
no change     /cluster/apps/eb/software/Anaconda3/2020.07/etc/profile.d/conda.csh
no change     /cluster/home/martimoa/.bashrc
no change     /cluster/home/martimoa/.zshrc
no change     /cluster/home/martimoa/.config/fish/config.fish
no change     /cluster/home/martimoa/.xonshrc
no change     /cluster/home/martimoa/.tcshrc
No action taken.
# conda environments:
#
base                     /cluster/apps/eb/software/Anaconda3/2020.07
jukebox                  /cluster/apps/eb/software/Anaconda3/2020.07/envs/jukebox
picrust2                 /cluster/apps/eb/software/Anaconda3/2020.07/envs/picrust2
TDT4501                  /cluster/home/martimoa/.conda/envs/TDT4501
TDT4900               *  /cluster/home/martimoa/.conda/envs/TDT4900

Beginning download of 0 Azure storage blobs.
With a total size of 0.00 GB

[]
slurmjob complete
