no change     /cluster/apps/eb/software/Anaconda3/2020.07/condabin/conda
no change     /cluster/apps/eb/software/Anaconda3/2020.07/bin/conda
no change     /cluster/apps/eb/software/Anaconda3/2020.07/bin/conda-env
no change     /cluster/apps/eb/software/Anaconda3/2020.07/bin/activate
no change     /cluster/apps/eb/software/Anaconda3/2020.07/bin/deactivate
no change     /cluster/apps/eb/software/Anaconda3/2020.07/etc/profile.d/conda.sh
no change     /cluster/apps/eb/software/Anaconda3/2020.07/etc/fish/conf.d/conda.fish
no change     /cluster/apps/eb/software/Anaconda3/2020.07/shell/condabin/Conda.psm1
no change     /cluster/apps/eb/software/Anaconda3/2020.07/shell/condabin/conda-hook.ps1
no change     /cluster/apps/eb/software/Anaconda3/2020.07/lib/python3.8/site-packages/xontrib/conda.xsh
no change     /cluster/apps/eb/software/Anaconda3/2020.07/etc/profile.d/conda.csh
no change     /cluster/home/martimoa/.bashrc
no change     /cluster/home/martimoa/.zshrc
no change     /cluster/home/martimoa/.config/fish/config.fish
no change     /cluster/home/martimoa/.xonshrc
no change     /cluster/home/martimoa/.tcshrc
No action taken.
# conda environments:
#
base                     /cluster/apps/eb/software/Anaconda3/2020.07
jukebox                  /cluster/apps/eb/software/Anaconda3/2020.07/envs/jukebox
picrust2                 /cluster/apps/eb/software/Anaconda3/2020.07/envs/picrust2
TDT4501                  /cluster/home/martimoa/.conda/envs/TDT4501
TDT4900               *  /cluster/home/martimoa/.conda/envs/TDT4900

/cluster/home/martimoa/TDT4900-Noise-in-the-Sea-Source/datasets/glider/meta/./mi
ssing_files/missing_files.py
Found 8576 blobs in blobstorage, including non-audio files.
Found 4664 blobs with content type audio/x-wav
There are 5249 local audiofiles.
With 0 files present in blobstorage not present amongst local files
Beginning download of 0 Azure storage blobs missing from local directory.
With a total size of 0.00 GB

[]
/cluster/home/martimoa/TDT4900-Noise-in-the-Sea-Source/datasets/glider/meta/./mi
ssing_files/verify_files.py
Looking for .wav files in tmp data directory 
/cluster/work/martimoa/tmp_download_dir...
Found 0 .wav files in tmp directory
/cluster/home/martimoa/TDT4900-Noise-in-the-Sea-Source/datasets/glider/meta/./mi
ssing_files/missing_files.py
Found 8576 blobs in blobstorage, including non-audio files.
Found 4664 blobs with content type audio/x-wav
There are 5249 local audiofiles.
With 0 files present in blobstorage not present amongst local files
Beginning download of 0 Azure storage blobs missing from local directory.
With a total size of 0.00 GB

[]
/cluster/home/martimoa/TDT4900-Noise-in-the-Sea-Source/datasets/glider/meta/labe
ls_without_files.py
0 5249 pa0337au_003_180805_084740.wav
100 5249 pa0418au_002_180814_200614.wav
200 5249 pa0478au_003_180822_031658.wav
300 5249 pa0576au_005_180620_042911.wav
400 5249 pa0407au_006_180813_135153.wav
500 5249 pa0501au_006_180825_055401.wav
600 5249 pa0353au_001_180807_034516.wav
700 5249 pa0560au_004_180618_071238.wav
800 5249 pa0348au_005_180806_150034.wav
900 5249 pa0459au_005_180820_005106.wav
1000 5249 pa0311bu_005_180802_162615.wav
1100 5249 pa0316bu_002_180803_043945.wav
1200 5249 pa0456au_002_180819_164003.wav
1300 5249 pa0473au_006_180821_125153.wav
1400 5249 pa0421au_006_180815_053516.wav
1500 5249 pa0314au_002_180421_024819.wav
1600 5249 pa0362au_003_180808_053157.wav
1700 5249 pa0539au_002_180829_234959.wav
1800 5249 pa0604au_001_180623_042535.wav
1900 5249 pa0320au_001_180803_130719.wav
2000 5249 pa0479au_003_180822_063407.wav
time data '652585_453909' does not match format '%y%m%d_%H%M%S'
2100 5249 pa0319bu_002_180803_121512.wav
2200 5249 pa0312bu_005_180802_190342.wav
2300 5249 pa0568au_001_180619_050732.wav
2400 5249 pa0565au_002_180902_162753.wav
2500 5249 pa0584au_004_180904_232603.wav
2600 5249 pa0613au_002_180908_011149.wav
2700 5249 pa0091bu_003_180712_111144.wav
2800 5249 pa0032au_003_180707_064525.wav
2900 5249 pa0170au_002_180718_141537.wav
3000 5249 pa0171au_003_180718_161906.wav
3100 5249 pa0070bu_003_180710_173947.wav
3200 5249 pa0251au_005_180726_220848.wav
3300 5249 pa0288au_002_180730_162154.wav
3400 5249 pa0264bu_003_180728_110819.wav
3500 5249 pa0264bu_001_180728_104816.wav
3600 5249 pa0195au_003_180720_210327.wav
3700 5249 pa0187bu_003_180720_031053.wav
3800 5249 pa0093au_002_180712_134452.wav
3900 5249 pa0201bu_002_180721_151321.wav
4000 5249 pa0240au_005_180725_172727.wav
4100 5249 pa0122au_004_180714_200307.wav
4200 5249 pa0146bu_003_180716_183811.wav
4300 5249 pa0241au_001_180725_192552.wav
4400 5249 pa0233bu_001_180724_230632.wav
4500 5249 pa0274bu_001_180729_091304.wav
4600 5249 pa0198au_004_180721_045033.wav
4700 5249 pa0077au_001_180711_071614.wav
4800 5249 pa0169bu_001_180718_131249.wav
4900 5249 pa0039au_001_180707_155735.wav
5000 5249 pa0063bu_002_180709_234945.wav
5100 5249 pa0174au_001_180718_215032.wav
5200 5249 pa0088bu_001_180712_050927.wav
There are 137 / 545 labels with no overlapping files.
Storing list of labels without files to to /cluster/home/martimoa/TDT4900-Noise-
in-the-Sea-Source/datasets/glider/meta/labels_without_files.xlsx
/cluster/home/martimoa/TDT4900-Noise-in-the-Sea-Source/datasets/glider/meta/./mi
ssing_files/duplicates.py
Out of 5249 local audio files, there are 0 duplicate files
slurmjob complete
